0 info it worked if it ends with ok
1 verbose cli [ 'C:\\tools\\nodejs\\node.exe',
1 verbose cli   'C:\\tools\\nodejs\\node_modules\\npm\\bin\\npm-cli.js',
1 verbose cli   'run',
1 verbose cli   'build' ]
2 info using npm@3.10.8
3 info using node@v6.8.1
4 verbose run-script [ 'prebuild', 'build', 'postbuild' ]
5 info lifecycle angular2-nodejs@0.0.0~prebuild: angular2-nodejs@0.0.0
6 silly lifecycle angular2-nodejs@0.0.0~prebuild: no script for prebuild, continuing
7 info lifecycle angular2-nodejs@0.0.0~build: angular2-nodejs@0.0.0
8 verbose lifecycle angular2-nodejs@0.0.0~build: unsafe-perm in lifecycle true
9 verbose lifecycle angular2-nodejs@0.0.0~build: PATH: C:\tools\nodejs\node_modules\npm\bin\node-gyp-bin;C:\work\workspace\seed-project\09 Custom Seed\node_modules\.bin;C:\ProgramData\Oracle\Java\javapath;C:\Program Files (x86)\Intel\iCLS Client\;C:\Program Files\Intel\iCLS Client\;C:\windows\system32;C:\windows;C:\windows\System32\Wbem;C:\windows\System32\WindowsPowerShell\v1.0\;C:\Program Files (x86)\Intel\Intel(R) Management Engine Components\DAL;C:\Program Files\Intel\Intel(R) Management Engine Components\DAL;C:\Program Files (x86)\Intel\Intel(R) Management Engine Components\IPT;C:\Program Files\Intel\Intel(R) Management Engine Components\IPT;C:\Program Files (x86)\NVIDIA Corporation\PhysX\Common;C:\Program Files\Intel\IntelSGXPSW\bin\x64\Release\;C:\Program Files\Intel\IntelSGXPSW\bin\win32\Release\;C:\tools\nodejs\;C:\Program Files\Intel\WiFi\bin\;C:\Program Files\Common Files\Intel\WirelessCommon\;C:\Program Files\Java\jdk1.8.0_102\bin;C:\tools\apache-maven-3.3.9\bin;C:\WINDOWS\system32;C:\WINDOWS;C:\WINDOWS\System32\Wbem;C:\WINDOWS\System32\WindowsPowerShell\v1.0\;C:\Program Files\MongoDB\Server\3.4\bin;C:\Program Files\MySQL\MySQL Utilities 1.6\;C:\Users\Dennis eblano\AppData\Roaming\npm;C:\Users\Dennis eblano\AppData\Local\atom\bin;C:\Users\Dennis eblano\AppData\Local\Microsoft\WindowsApps;;C:\tools\Microsoft VS Code\bin
10 verbose lifecycle angular2-nodejs@0.0.0~build: CWD: C:\work\workspace\seed-project\09 Custom Seed
11 silly lifecycle angular2-nodejs@0.0.0~build: Args: [ '/d /s /c',
11 silly lifecycle   'del-cli public/js/app && webpack --config webpack.config.dev.js --progress --profile --watch' ]
12 silly lifecycle angular2-nodejs@0.0.0~build: Returned: code: 3221225786  signal: null
13 info lifecycle angular2-nodejs@0.0.0~build: Failed to exec build script
14 verbose stack Error: angular2-nodejs@0.0.0 build: `del-cli public/js/app && webpack --config webpack.config.dev.js --progress --profile --watch`
14 verbose stack Exit status 3221225786
14 verbose stack     at EventEmitter.<anonymous> (C:\tools\nodejs\node_modules\npm\lib\utils\lifecycle.js:255:16)
14 verbose stack     at emitTwo (events.js:106:13)
14 verbose stack     at EventEmitter.emit (events.js:191:7)
14 verbose stack     at ChildProcess.<anonymous> (C:\tools\nodejs\node_modules\npm\lib\utils\spawn.js:40:14)
14 verbose stack     at emitTwo (events.js:106:13)
14 verbose stack     at ChildProcess.emit (events.js:191:7)
14 verbose stack     at maybeClose (internal/child_process.js:877:16)
14 verbose stack     at Process.ChildProcess._handle.onexit (internal/child_process.js:226:5)
15 verbose pkgid angular2-nodejs@0.0.0
16 verbose cwd C:\work\workspace\seed-project\09 Custom Seed
17 error Windows_NT 10.0.14393
18 error argv "C:\\tools\\nodejs\\node.exe" "C:\\tools\\nodejs\\node_modules\\npm\\bin\\npm-cli.js" "run" "build"
19 error node v6.8.1
20 error npm  v3.10.8
21 error code ELIFECYCLE
22 error angular2-nodejs@0.0.0 build: `del-cli public/js/app && webpack --config webpack.config.dev.js --progress --profile --watch`
22 error Exit status 3221225786
23 error Failed at the angular2-nodejs@0.0.0 build script 'del-cli public/js/app && webpack --config webpack.config.dev.js --progress --profile --watch'.
23 error Make sure you have the latest version of node.js and npm installed.
23 error If you do, this is most likely a problem with the angular2-nodejs package,
23 error not with npm itself.
23 error Tell the author that this fails on your system:
23 error     del-cli public/js/app && webpack --config webpack.config.dev.js --progress --profile --watch
23 error You can get information on how to open an issue for this project with:
23 error     npm bugs angular2-nodejs
23 error Or if that isn't available, you can get their info via:
23 error     npm owner ls angular2-nodejs
23 error There is likely additional logging output above.
24 verbose exit [ 1, true ]
